<?xml version="1.0" encoding="UTF-8"?>
<!-- Generated by org.testng.reporters.JUnitReportReporter -->
<testsuite ignored="0" hostname="LDEV-ZIANABD" failures="0" tests="1" name="SeleniumTestCase" time="13.072" errors="0" timestamp="03 Dec 2020 12:48:23 GMT" skipped="0">
  <testcase classname="SeleniumTestCase" name="testWebPage" time="13.072"/>
</testsuite> <!-- SeleniumTestCase -->
