<?xml version="1.0" encoding="UTF-8"?>
<!-- Generated by org.testng.reporters.JUnitReportReporter -->
<testsuite ignored="0" hostname="LDEV-ZIANABD" failures="0" tests="1" name="SeleniumTestCase" time="12.520" errors="0" timestamp="03 Dec 2020 13:45:13 GMT" skipped="0">
  <testcase classname="SeleniumTestCase" name="testWebPage" time="12.520"/>
</testsuite> <!-- SeleniumTestCase -->
